
[2020-06-12 20:30:51.106842+00:00] SCHEDULER 	 Loop starting 	 time_now: 2020-06-12 20:30:51.106842+00:00	time_range: 2020-06-12 20:40:51.106842+00:00
[2020-06-12 20:30:51.255363+00:00] SCHEDULER	 1271539781705576451 first time being added	 create_time: Fri Jun 12 20:28:02 +0000 2020	current update: 2020-06-12 20:33:02+00:00	next_update: 2020-06-12 20:38:02+00:00
[2020-06-12 20:30:51.352980+00:00] SCHEDULER	 1271540248993042434 first time being added	 create_time: Fri Jun 12 20:29:54 +0000 2020	current update: 2020-06-12 20:34:54+00:00	next_update: 2020-06-12 20:39:54+00:00
[2020-06-12 20:30:51.442908+00:00] SCHEDULER	 1271539282436644866 first time being added	 create_time: Fri Jun 12 20:26:03 +0000 2020	current update: 2020-06-12 20:31:03+00:00	next_update: 2020-06-12 20:36:03+00:00
[2020-06-12 20:30:51.526329+00:00] SCHEDULER	 1271539551085961216 first time being added	 create_time: Fri Jun 12 20:27:07 +0000 2020	current update: 2020-06-12 20:32:07+00:00	next_update: 2020-06-12 20:37:07+00:00
[2020-06-12 20:30:51.604463+00:00] SCHEDULER	 1271539783337152515 first time being added	 create_time: Fri Jun 12 20:28:03 +0000 2020	current update: 2020-06-12 20:33:03+00:00	next_update: 2020-06-12 20:38:03+00:00
[2020-06-12 20:30:51.686318+00:00] SCHEDULER	 1271540298892677120 first time being added	 create_time: Fri Jun 12 20:30:05 +0000 2020	current update: 2020-06-12 20:35:05+00:00	next_update: 2020-06-12 20:40:05+00:00
[2020-06-12 20:30:51.770934+00:00] SCHEDULER	 1271540322896695296 first time being added	 create_time: Fri Jun 12 20:30:11 +0000 2020	current update: 2020-06-12 20:35:11+00:00	next_update: 2020-06-12 20:40:11+00:00
[2020-06-12 20:30:51.858990+00:00] SCHEDULER	 1271540439678623747 first time being added	 create_time: Fri Jun 12 20:30:39 +0000 2020	current update: 2020-06-12 20:35:39+00:00	next_update: 2020-06-12 20:40:39+00:00
[2020-06-12 20:30:51.877008+00:00] SCHEDULER	 Writing to file
[2020-06-12 20:30:51.877008+00:00] SCHEDULER	 Original Frame len : 197Data Frame len : 21
[2020-06-12 20:30:51.892682+00:00] SCHEDULER	 Loop ending
[2020-06-12 20:31:51.893660+00:00] SCHEDULER 	 Loop starting 	 time_now: 2020-06-12 20:31:51.893660+00:00	time_range: 2020-06-12 20:41:51.893660+00:00
[2020-06-12 20:32:17.172268+00:00] SCHEDULER	 1271539781705576451 update retweets for offset: 2	 create_time: Fri Jun 12 20:28:02 +0000 2020	current update: 2020-06-12 20:38:02+00:00	next_update: 2020-06-12 20:43:02+00:00
[2020-06-12 20:32:17.249109+00:00] SCHEDULER	 1271540248993042434 update retweets for offset: 2	 create_time: Fri Jun 12 20:29:54 +0000 2020	current update: 2020-06-12 20:39:54+00:00	next_update: 2020-06-12 20:44:54+00:00
[2020-06-12 20:32:17.327551+00:00] SCHEDULER	 1271539282436644866 update retweets for offset: 2	 create_time: Fri Jun 12 20:26:03 +0000 2020	current update: 2020-06-12 20:36:03+00:00	next_update: 2020-06-12 20:41:03+00:00
[2020-06-12 20:32:17.401911+00:00] SCHEDULER	 1271539551085961216 update retweets for offset: 2	 create_time: Fri Jun 12 20:27:07 +0000 2020	current update: 2020-06-12 20:37:07+00:00	next_update: 2020-06-12 20:42:07+00:00
[2020-06-12 20:32:17.476447+00:00] SCHEDULER	 1271539783337152515 update retweets for offset: 2	 create_time: Fri Jun 12 20:28:03 +0000 2020	current update: 2020-06-12 20:38:03+00:00	next_update: 2020-06-12 20:43:03+00:00
[2020-06-12 20:32:17.557993+00:00] SCHEDULER	 1271540298892677120 update retweets for offset: 2	 create_time: Fri Jun 12 20:30:05 +0000 2020	current update: 2020-06-12 20:40:05+00:00	next_update: 2020-06-12 20:45:05+00:00
[2020-06-12 20:32:17.637077+00:00] SCHEDULER	 1271540322896695296 update retweets for offset: 2	 create_time: Fri Jun 12 20:30:11 +0000 2020	current update: 2020-06-12 20:40:11+00:00	next_update: 2020-06-12 20:45:11+00:00
[2020-06-12 20:32:17.705394+00:00] SCHEDULER	 1271540439678623747 update retweets for offset: 2	 create_time: Fri Jun 12 20:30:39 +0000 2020	current update: 2020-06-12 20:40:39+00:00	next_update: 2020-06-12 20:45:39+00:00
[2020-06-12 20:32:17.709448+00:00] SCHEDULER	 Writing to file
[2020-06-12 20:32:17.710420+00:00] SCHEDULER	 Original Frame len : 209Data Frame len : 21
[2020-06-12 20:32:17.718180+00:00] SCHEDULER	 Loop ending